<?xml version="1.0" encoding="UTF-8"?>
<!-- Generated by org.testng.reporters.JUnitReportReporter -->
<testsuite hostname="DESKTOP-IU48NFJ" name="com.actitime.ActitimeLoginTest.LoginTest" tests="1" failures="0" timestamp="19 Nov 2018 10:50:48 GMT" time="16.265" errors="0">
  <testcase name="ActitimeLoginTest" time="16.265" classname="com.actitime.ActitimeLoginTest.LoginTest"/>
</testsuite> <!-- com.actitime.ActitimeLoginTest.LoginTest -->
